Using device: cpu
Loading data from data/pitzDaily_flow.npz...
Data shape: (100, 12225, 4)
Node positions shape: (12225, 3)
Train batches: 18
Val batches: 3
Test batches: 3
Model parameters: 98,083

Starting training...

Epoch 1/100
Training:   0%|          | 0/18 [00:00<?, ?it/s]Training:   0%|          | 0/18 [00:00<?, ?it/s]
Traceback (most recent call last):
  File "/Users/caesarwiratama/Documents_Local/GitHub/BFS_Graph-LED/train.py", line 288, in <module>
    main()
    ~~~~^^
  File "/Users/caesarwiratama/Documents_Local/GitHub/BFS_Graph-LED/train.py", line 284, in main
    train(config)
    ~~~~~^^^^^^^^
  File "/Users/caesarwiratama/Documents_Local/GitHub/BFS_Graph-LED/train.py", line 207, in train
    train_loss = train_epoch(model, train_loader, optimizer, criterion, device)
  File "/Users/caesarwiratama/Documents_Local/GitHub/BFS_Graph-LED/train.py", line 46, in train_epoch
    predictions = model(input_sequence, edge_index, edge_attr)
  File "/Users/caesarwiratama/Documents_Local/GitHub/BFS_Graph-LED/venv/lib/python3.14/site-packages/torch/nn/modules/module.py", line 1775, in _wrapped_call_impl
    return self._call_impl(*args, **kwargs)
           ~~~~~~~~~~~~~~~^^^^^^^^^^^^^^^^^
  File "/Users/caesarwiratama/Documents_Local/GitHub/BFS_Graph-LED/venv/lib/python3.14/site-packages/torch/nn/modules/module.py", line 1786, in _call_impl
    return forward_call(*args, **kwargs)
  File "/Users/caesarwiratama/Documents_Local/GitHub/BFS_Graph-LED/model.py", line 253, in forward
    x = self.input_proj(x_t)  # [batch_size, num_nodes, hidden_dim]
  File "/Users/caesarwiratama/Documents_Local/GitHub/BFS_Graph-LED/venv/lib/python3.14/site-packages/torch/nn/modules/module.py", line 1775, in _wrapped_call_impl
    return self._call_impl(*args, **kwargs)
           ~~~~~~~~~~~~~~~^^^^^^^^^^^^^^^^^
  File "/Users/caesarwiratama/Documents_Local/GitHub/BFS_Graph-LED/venv/lib/python3.14/site-packages/torch/nn/modules/module.py", line 1786, in _call_impl
    return forward_call(*args, **kwargs)
  File "/Users/caesarwiratama/Documents_Local/GitHub/BFS_Graph-LED/venv/lib/python3.14/site-packages/torch/nn/modules/linear.py", line 134, in forward
    return F.linear(input, self.weight, self.bias)
           ~~~~~~~~^^^^^^^^^^^^^^^^^^^^^^^^^^^^^^^
RuntimeError: mat1 and mat2 shapes cannot be multiplied (48900x4 and 3x64)
